Mplus VERSION 8.8 DEMO (Mac)
MUTHEN & MUTHEN
01/13/2023   4:37 PM

INPUT INSTRUCTIONS

  title: latent class analysis
  for wide format
  abcd depression data

  data:
      file is abcd_cbcl_wide.dat;

  variable:
      names are id age sex y0 y1 y2 y3;
      missing are all (99);
      usevariables are y0 y1 y2 y3;
      classes = c (5);

  analysis: type = mixture;

  output: tech11 tech14;





*** WARNING in MODEL command
  All variables are uncorrelated with all other variables within class.
  Check that this is what is intended.
*** WARNING
  Data set contains cases with missing on all variables.
  These cases were not included in the analysis.
  Number of cases with missing on all variables:  2471
   2 WARNING(S) FOUND IN THE INPUT INSTRUCTIONS



latent class analysis
for wide format
abcd depression data

SUMMARY OF ANALYSIS

Number of groups                                                 1
Number of observations                                       37293

Number of dependent variables                                    4
Number of independent variables                                  0
Number of continuous latent variables                            0
Number of categorical latent variables                           1

Observed dependent variables

  Continuous
   Y0          Y1          Y2          Y3

Categorical latent variables
   C


Estimator                                                      MLR
Information matrix                                        OBSERVED
Optimization Specifications for the Quasi-Newton Algorithm for
Continuous Outcomes
  Maximum number of iterations                                 100
  Convergence criterion                                  0.100D-05
Optimization Specifications for the EM Algorithm
  Maximum number of iterations                                 500
  Convergence criteria
    Loglikelihood change                                 0.100D-06
    Relative loglikelihood change                        0.100D-06
    Derivative                                           0.100D-05
Optimization Specifications for the M step of the EM Algorithm for
Categorical Latent variables
  Number of M step iterations                                    1
  M step convergence criterion                           0.100D-05
  Basis for M step termination                           ITERATION
Optimization Specifications for the M step of the EM Algorithm for
Censored, Binary or Ordered Categorical (Ordinal), Unordered
Categorical (Nominal) and Count Outcomes
  Number of M step iterations                                    1
  M step convergence criterion                           0.100D-05
  Basis for M step termination                           ITERATION
  Maximum value for logit thresholds                            15
  Minimum value for logit thresholds                           -15
  Minimum expected cell size for chi-square              0.100D-01
Maximum number of iterations for H1                           2000
Convergence criterion for H1                             0.100D-03
Optimization algorithm                                         EMA
Random Starts Specifications
  Number of initial stage random starts                         20
  Number of final stage optimizations                            4
  Number of initial stage iterations                            10
  Initial stage convergence criterion                    0.100D+01
  Random starts scale                                    0.500D+01
  Random seed for generating random starts                       0

Input data file(s)
  abcd_cbcl_wide.dat
Input data format  FREE


SUMMARY OF DATA

     Number of missing data patterns             4
     Number of y missing data patterns           4
     Number of u missing data patterns           0


COVARIANCE COVERAGE OF DATA

Minimum covariance coverage value   0.100


     PROPORTION OF DATA PRESENT FOR Y


           Covariance Coverage
              Y0            Y1            Y2            Y3
              ________      ________      ________      ________
 Y0             0.318
 Y1             0.000         0.301
 Y2             0.000         0.000         0.217
 Y3             0.000         0.000         0.000         0.164



UNIVARIATE SAMPLE STATISTICS


     UNIVARIATE HIGHER-ORDER MOMENT DESCRIPTIVE STATISTICS

         Variable/         Mean/     Skewness/   Minimum/ % with                Percentiles
        Sample Size      Variance    Kurtosis    Maximum  Min/Max      20%/60%    40%/80%    Median

     Y0                    1.268       2.541       0.000   51.34%       0.000      0.000      0.000
           11868.000       4.038       8.672      19.000    0.01%       1.000      2.000
     Y1                    1.394       2.536       0.000   49.28%       0.000      0.000      1.000
           11207.000       4.779       8.463      19.000    0.01%       1.000      2.000
     Y2                    1.474       2.392       0.000   47.59%       0.000      0.000      1.000
            8085.000       5.002       7.461      19.000    0.02%       1.000      3.000
     Y3                    1.663       2.285       0.000   45.43%       0.000      0.000      1.000
            6133.000       5.988       6.759      19.000    0.03%       1.000      3.000

RANDOM STARTS RESULTS RANKED FROM THE BEST TO THE WORST LOGLIKELIHOOD VALUES

Final stage loglikelihood values at local maxima, seeds, and initial stage start numbers:

          -68991.156  415931           10
          -69497.056  851945           18
          -69658.833  unperturbed      0
          -70006.712  399671           13



     WARNING:  THE BEST LOGLIKELIHOOD VALUE WAS NOT REPLICATED.  THE
     SOLUTION MAY NOT BE TRUSTWORTHY DUE TO LOCAL MAXIMA.  INCREASE THE
     NUMBER OF RANDOM STARTS.

     THE STANDARD ERRORS OF THE MODEL PARAMETER ESTIMATES MAY NOT BE
     TRUSTWORTHY FOR SOME PARAMETERS DUE TO A NON-POSITIVE DEFINITE
     FIRST-ORDER DERIVATIVE PRODUCT MATRIX.  THIS MAY BE DUE TO THE STARTING
     VALUES BUT MAY ALSO BE AN INDICATION OF MODEL NONIDENTIFICATION.  THE
     CONDITION NUMBER IS      -0.114D-16.  PROBLEM INVOLVING THE FOLLOWING PARAMETER:
     Parameter 11, %C#2%: [ Y2 ]


THE MODEL ESTIMATION TERMINATED NORMALLY



MODEL FIT INFORMATION

Number of Free Parameters                       28

Loglikelihood

          H0 Value                      -68991.156
          H0 Scaling Correction Factor      3.5287
            for MLR

Information Criteria

          Akaike (AIC)                  138038.312
          Bayesian (BIC)                138277.056
          Sample-Size Adjusted BIC      138188.072
            (n* = (n + 2) / 24)



FINAL CLASS COUNTS AND PROPORTIONS FOR THE LATENT CLASSES
BASED ON THE ESTIMATED MODEL

    Latent
   Classes

       1      26554.89414          0.71206
       2       1315.28772          0.03527
       3       3645.74290          0.09776
       4       1582.83806          0.04244
       5       4194.23718          0.11247


FINAL CLASS COUNTS AND PROPORTIONS FOR THE LATENT CLASSES
BASED ON ESTIMATED POSTERIOR PROBABILITIES

    Latent
   Classes

       1      26554.89414          0.71206
       2       1315.28772          0.03527
       3       3645.74290          0.09776
       4       1582.83806          0.04244
       5       4194.23718          0.11247


FINAL CLASS COUNTS AND PROPORTIONS FOR THE LATENT CLASSES
BASED ON THEIR MOST LIKELY LATENT CLASS MEMBERSHIP

Class Counts and Proportions

    Latent
   Classes

       1            29494          0.79087
       2              970          0.02601
       3             3771          0.10112
       4             1085          0.02909
       5             1973          0.05291


CLASSIFICATION QUALITY

     Entropy                         0.764


Average Latent Class Probabilities for Most Likely Latent Class Membership (Row)
by Latent Class (Column)

           1        2        3        4        5

    1   0.880    0.013    0.023    0.016    0.068
    2   0.026    0.922    0.039    0.009    0.004
    3   0.139    0.001    0.777    0.005    0.078
    4   0.000    0.029    0.002    0.945    0.025
    5   0.026    0.001    0.006    0.026    0.941


Classification Probabilities for the Most Likely Latent Class Membership (Column)
by Latent Class (Row)

           1        2        3        4        5

    1   0.977    0.001    0.020    0.000    0.002
    2   0.292    0.680    0.002    0.024    0.002
    3   0.182    0.010    0.804    0.000    0.003
    4   0.302    0.005    0.013    0.648    0.032
    5   0.480    0.001    0.070    0.006    0.443


Logits for the Classification Probabilities for the Most Likely Latent Class Membership (Column)
by Latent Class (Row)

              1        2        3        4        5

    1      6.232   -0.702    2.334   -7.560    0.000
    2      5.025    5.870   -0.139    2.530    0.000
    3      3.986    1.117    5.470   -1.993    0.000
    4      2.246   -1.794   -0.907    3.008    0.000
    5      0.082   -6.143   -1.848   -4.243    0.000


MODEL RESULTS

                                                    Two-Tailed
                    Estimate       S.E.  Est./S.E.    P-Value

Latent Class 1

 Means
    Y0                 0.589      0.037     15.988      0.000
    Y1                 0.345      0.021     16.419      0.000
    Y2                 0.542      0.013     42.500      0.000
    Y3                 0.933      0.034     27.632      0.000

 Variances
    Y0                 0.882      0.075     11.797      0.000
    Y1                 0.408      0.040     10.162      0.000
    Y2                 0.690      0.026     26.939      0.000
    Y3                 1.615      0.094     17.132      0.000

Latent Class 2

 Means
    Y0                 9.053      0.417     21.722      0.000
    Y1                11.888      0.168     70.655      0.000
    Y2                 0.542      0.013     42.500      0.000
    Y3                 5.601      0.184     30.499      0.000

 Variances
    Y0                 0.882      0.075     11.797      0.000
    Y1                 0.408      0.040     10.162      0.000
    Y2                 0.690      0.026     26.939      0.000
    Y3                 1.615      0.094     17.132      0.000

Latent Class 3

 Means
    Y0                 4.221      0.235     17.996      0.000
    Y1                 2.294      0.057     40.470      0.000
    Y2                10.898      0.257     42.327      0.000
    Y3                 0.933      0.034     27.632      0.000

 Variances
    Y0                 0.882      0.075     11.797      0.000
    Y1                 0.408      0.040     10.162      0.000
    Y2                 0.690      0.026     26.939      0.000
    Y3                 1.615      0.094     17.132      0.000

Latent Class 4

 Means
    Y0                 0.589      0.037     15.988      0.000
    Y1                 6.978      0.065    106.550      0.000
    Y2                 6.617      0.122     54.323      0.000
    Y3                10.209      0.442     23.115      0.000

 Variances
    Y0                 0.882      0.075     11.797      0.000
    Y1                 0.408      0.040     10.162      0.000
    Y2                 0.690      0.026     26.939      0.000
    Y3                 1.615      0.094     17.132      0.000

Latent Class 5

 Means
    Y0                 0.589      0.037     15.988      0.000
    Y1                 4.079      0.167     24.351      0.000
    Y2                 3.591      0.053     67.938      0.000
    Y3                 0.933      0.034     27.632      0.000

 Variances
    Y0                 0.882      0.075     11.797      0.000
    Y1                 0.408      0.040     10.162      0.000
    Y2                 0.690      0.026     26.939      0.000
    Y3                 1.615      0.094     17.132      0.000

Categorical Latent Variables

 Means
    C#1                1.846      0.062     29.611      0.000
    C#2               -1.160      0.119     -9.733      0.000
    C#3               -0.140      0.157     -0.894      0.371
    C#4               -0.974      0.071    -13.726      0.000


QUALITY OF NUMERICAL RESULTS

     Condition Number for the Information Matrix             -0.114E-16
       (ratio of smallest to largest eigenvalue)


TECHNICAL 11 OUTPUT

     Random Starts Specifications for the k-1 Class Analysis Model
        Number of initial stage random starts                  20
        Number of final stage optimizations                     4



     VUONG-LO-MENDELL-RUBIN LIKELIHOOD RATIO TEST FOR 4 (H0) VERSUS 5 CLASSES



     WARNING:  THE LIKELIHOOD RATIO TEST COMPUTATION FOR TECH11 DID NOT
     TERMINATE NORMALLY BECAUSE THE LOGLIKELIHOOD VALUE FOR THE MODEL WITH ONE
     LESS CLASS IS LARGER THAN THE LOGLIKELIHOOD VALUE FOR THE ESTIMATED MODEL.
     USING MORE RANDOM STARTS MAY RESOLVE THE PROBLEM.

          H0 Loglikelihood Value                       -68842.964
          2 Times the Loglikelihood Difference           -296.385
          Difference in the Number of Parameters                5
          Mean                                            739.458
          Standard Deviation                             1522.945
          P-Value                                          0.8193

     LO-MENDELL-RUBIN ADJUSTED LRT TEST

          Value                                          -290.859
          P-Value                                          0.8176


TECHNICAL 14 OUTPUT

     Random Starts Specifications for the k-1 Class Analysis Model
        Number of initial stage random starts                  20
        Number of final stage optimizations                     4

     Random Starts Specification for the k-1 Class Model for Generated Data
        Number of initial stage random starts                   0
        Number of final stage optimizations for the
           initial stage random starts                          0
     Random Starts Specification for the k Class Model for Generated Data
        Number of initial stage random starts                  40
        Number of final stage optimizations                     8
     Number of bootstrap draws requested                   Varies


     PARAMETRIC BOOTSTRAPPED LIKELIHOOD RATIO TEST FOR 4 (H0) VERSUS 5 CLASSES



     WARNING:  THE LIKELIHOOD RATIO TEST COMPUTATION FOR TECH14 DID NOT
     TERMINATE NORMALLY BECAUSE THE LOGLIKELIHOOD VALUE FOR THE MODEL WITH ONE
     LESS CLASS IS LARGER THAN THE LOGLIKELIHOOD VALUE FOR THE ESTIMATED MODEL.
     INCREASE THE NUMBER OF RANDOM STARTS USING THE LRTSTARTS OPTION.

          H0 Loglikelihood Value                       -68842.964
          2 Times the Loglikelihood Difference           -296.385
          Difference in the Number of Parameters                5
          Approximate P-Value                              1.0000
          Successful Bootstrap Draws                            0


     Beginning Time:  16:37:25
        Ending Time:  16:37:47
       Elapsed Time:  00:00:22


Mplus VERSION 8.8 DEMO (Mac) has the following limitations:
  Maximum number of dependent variables: 6
  Maximum number of independent variables: 2
  Maximum number of between variables: 2
  Maximum number of continuous latent variables in time series analysis: 2


MUTHEN & MUTHEN
3463 Stoner Ave.
Los Angeles, CA  90066

Tel: (310) 391-9971
Fax: (310) 391-8971
Web: www.StatModel.com
Support: Support@StatModel.com

Copyright (c) 1998-2022 Muthen & Muthen
