Mplus VERSION 8.8 (Mac)
MUTHEN & MUTHEN
01/26/2023   2:39 PM

INPUT INSTRUCTIONS

  TITLE:
  Latent class growth analysis for
  wide format abcd depression data;

  DATA:
      FILE IS abcd_cbcl_wide.txt;

  VARIABLE:
        names are id y3 age3 y2 age2 y1 age1 y0 age0;
        usevariables are y0 y1 y2 y3;
        missing are all (99.00000);
        auxiliary id;
        classes = c (4);

  ANALYSIS:
  	processors = 4 (starts);
  	type = mixture;
  	starts = 3500 350;
  	!stiterations = 25;
  	!stscale = 25;


  MODEL:
      %overall%
      i by y0@1 y1@1 y2@1 y3@1;

      s by y0@0 y1@1 y2@2 y3@3;

      q by y0@0 y1@1 y2@4 y3@9;

      [y0@0 y1@0 y2@0 y3@0];

      y0 y1 y2 y3 (eqresvar);
      [i s q];
      i s q@0;
      i with s;
      i with q@0;
      s with q@0;

      %c#1%
      [i s q];

      %c#2%
      [i s q];

      %c#3%
      [i s q];

      %c#4%
      [i s q];



  OUTPUT:
  tech1 tech4 tech11;


  PLOT:
  type is plot3;
    series = y0 y1 y2 y3 (s);


  SAVEDATA: file is 4_class_probs.txt;
     save = cprobabilities;



*** WARNING
  Data set contains cases with missing on all variables.
  These cases were not included in the analysis.
  Number of cases with missing on all variables:  2
   1 WARNING(S) FOUND IN THE INPUT INSTRUCTIONS




Latent class growth analysis for
wide format abcd depression data;

SUMMARY OF ANALYSIS

Number of groups                                                 1
Number of observations                                       11874

Number of dependent variables                                    4
Number of independent variables                                  0
Number of continuous latent variables                            3
Number of categorical latent variables                           1

Observed dependent variables

  Continuous
   Y0          Y1          Y2          Y3

Observed auxiliary variables
   ID

Continuous latent variables
   I           S           Q

Categorical latent variables
   C


Estimator                                                      MLR
Information matrix                                        OBSERVED
Optimization Specifications for the Quasi-Newton Algorithm for
Continuous Outcomes
  Maximum number of iterations                                 100
  Convergence criterion                                  0.100D-05
Optimization Specifications for the EM Algorithm
  Maximum number of iterations                                 500
  Convergence criteria
    Loglikelihood change                                 0.100D-06
    Relative loglikelihood change                        0.100D-06
    Derivative                                           0.100D-05
Optimization Specifications for the M step of the EM Algorithm for
Categorical Latent variables
  Number of M step iterations                                    1
  M step convergence criterion                           0.100D-05
  Basis for M step termination                           ITERATION
Optimization Specifications for the M step of the EM Algorithm for
Censored, Binary or Ordered Categorical (Ordinal), Unordered
Categorical (Nominal) and Count Outcomes
  Number of M step iterations                                    1
  M step convergence criterion                           0.100D-05
  Basis for M step termination                           ITERATION
  Maximum value for logit thresholds                            15
  Minimum value for logit thresholds                           -15
  Minimum expected cell size for chi-square              0.100D-01
Maximum number of iterations for H1                           2000
Convergence criterion for H1                             0.100D-03
Optimization algorithm                                         EMA
Random Starts Specifications
  Number of initial stage random starts                       3500
  Number of final stage optimizations                          350
  Number of initial stage iterations                            10
  Initial stage convergence criterion                    0.100D+01
  Random starts scale                                    0.500D+01
  Random seed for generating random starts                       0

Input data file(s)
  abcd_cbcl_wide.txt
Input data format  FREE


SUMMARY OF DATA

     Number of missing data patterns            10
     Number of y missing data patterns          10
     Number of u missing data patterns           0


COVARIANCE COVERAGE OF DATA

Minimum covariance coverage value   0.100


     PROPORTION OF DATA PRESENT FOR Y


           Covariance Coverage
              Y0            Y1            Y2            Y3
              ________      ________      ________      ________
 Y0             0.999
 Y1             0.943         0.944
 Y2             0.681         0.665         0.681
 Y3             0.517         0.505         0.511         0.517



UNIVARIATE SAMPLE STATISTICS


     UNIVARIATE HIGHER-ORDER MOMENT DESCRIPTIVE STATISTICS

         Variable/         Mean/     Skewness/   Minimum/ % with                Percentiles
        Sample Size      Variance    Kurtosis    Maximum  Min/Max      20%/60%    40%/80%    Median

     Y0                    1.268       2.541       0.000   51.34%       0.000      0.000      0.000
           11868.000       4.038       8.672      19.000    0.01%       1.000      2.000
     Y1                    1.394       2.536       0.000   49.28%       0.000      0.000      1.000
           11207.000       4.779       8.463      19.000    0.01%       1.000      2.000
     Y2                    1.474       2.392       0.000   47.59%       0.000      0.000      1.000
            8085.000       5.002       7.461      19.000    0.02%       1.000      3.000
     Y3                    1.663       2.285       0.000   45.43%       0.000      0.000      1.000
            6133.000       5.988       6.759      19.000    0.03%       1.000      3.000

RANDOM STARTS RESULTS RANKED FROM THE BEST TO THE WORST LOGLIKELIHOOD VALUES

Final stage loglikelihood values at local maxima, seeds, and initial stage start numbers:

          -70358.007  739458           1963
          -70358.007  164305           128
          -70358.007  883789           1967
          -70358.007  645295           2443
          -70358.007  780698           337
          -70358.007  206099           363
          -70358.007  109208           2938
          -70358.007  154575           539
          -70358.007  745972           521
          -70358.007  965210           2221
          -70358.007  649554           3231
          -70358.007  46502            714
          -70358.007  57775            2725
          -70358.007  612586           2543
          -70358.007  476383           3058
          -70358.007  771981           2860
          -70358.007  400937           1152
          -70358.007  72387            3203
          -70358.007  115653           1387
          -70358.007  69413            472
          -70358.007  319349           3490
          -70358.007  322790           636
          -70358.007  24070            1212
          -70444.523  63231            935
          -70444.523  868600           1707
          -70444.523  303834           798
          -70444.523  792389           746
          -70444.523  816796           1728
          -70444.523  967237           48
          -70444.523  101894           2632
          -70444.523  219602           1247
          -70444.523  260601           36
          -70444.523  318230           46
          -70444.523  788325           2409
          -70444.523  646865           2303
          -70444.523  335866           3121
          -70444.523  34346            330
          -70444.523  952712           2780
          -70444.523  373815           618
          -70444.523  149841           2987
          -70444.523  843555           952
          -70444.523  507885           2157

308 perturbed starting value run(s) did not converge or were rejected in the third stage.



THE BEST LOGLIKELIHOOD VALUE HAS BEEN REPLICATED.  RERUN WITH AT LEAST TWICE THE
RANDOM STARTS TO CHECK THAT THE BEST LOGLIKELIHOOD IS STILL OBTAINED AND REPLICATED.


THE MODEL ESTIMATION TERMINATED NORMALLY

     WARNING:  THE LATENT VARIABLE COVARIANCE MATRIX (PSI) IN CLASS 1
     IS NOT POSITIVE DEFINITE.  THIS COULD INDICATE A NEGATIVE VARIANCE/
     RESIDUAL VARIANCE FOR A LATENT VARIABLE, A CORRELATION GREATER OR EQUAL
     TO ONE BETWEEN TWO LATENT VARIABLES, OR A LINEAR DEPENDENCY AMONG MORE
     THAN TWO LATENT VARIABLES.  CHECK THE TECH4 OUTPUT FOR MORE INFORMATION.
     PROBLEM INVOLVING VARIABLE I.


     WARNING:  THE LATENT VARIABLE COVARIANCE MATRIX (PSI) IN CLASS 2
     IS NOT POSITIVE DEFINITE.  THIS COULD INDICATE A NEGATIVE VARIANCE/
     RESIDUAL VARIANCE FOR A LATENT VARIABLE, A CORRELATION GREATER OR EQUAL
     TO ONE BETWEEN TWO LATENT VARIABLES, OR A LINEAR DEPENDENCY AMONG MORE
     THAN TWO LATENT VARIABLES.  CHECK THE TECH4 OUTPUT FOR MORE INFORMATION.
     PROBLEM INVOLVING VARIABLE I.


     WARNING:  THE LATENT VARIABLE COVARIANCE MATRIX (PSI) IN CLASS 3
     IS NOT POSITIVE DEFINITE.  THIS COULD INDICATE A NEGATIVE VARIANCE/
     RESIDUAL VARIANCE FOR A LATENT VARIABLE, A CORRELATION GREATER OR EQUAL
     TO ONE BETWEEN TWO LATENT VARIABLES, OR A LINEAR DEPENDENCY AMONG MORE
     THAN TWO LATENT VARIABLES.  CHECK THE TECH4 OUTPUT FOR MORE INFORMATION.
     PROBLEM INVOLVING VARIABLE I.


     WARNING:  THE LATENT VARIABLE COVARIANCE MATRIX (PSI) IN CLASS 4
     IS NOT POSITIVE DEFINITE.  THIS COULD INDICATE A NEGATIVE VARIANCE/
     RESIDUAL VARIANCE FOR A LATENT VARIABLE, A CORRELATION GREATER OR EQUAL
     TO ONE BETWEEN TWO LATENT VARIABLES, OR A LINEAR DEPENDENCY AMONG MORE
     THAN TWO LATENT VARIABLES.  CHECK THE TECH4 OUTPUT FOR MORE INFORMATION.
     PROBLEM INVOLVING VARIABLE I.




MODEL FIT INFORMATION

Number of Free Parameters                       19

Loglikelihood

          H0 Value                      -70358.007
          H0 Scaling Correction Factor      4.2480
            for MLR

Information Criteria

          Akaike (AIC)                  140754.013
          Bayesian (BIC)                140894.273
          Sample-Size Adjusted BIC      140833.893
            (n* = (n + 2) / 24)



FINAL CLASS COUNTS AND PROPORTIONS FOR THE LATENT CLASSES
BASED ON THE ESTIMATED MODEL

    Latent
   Classes

       1        754.60582          0.06355
       2        270.37643          0.02277
       3       9903.21212          0.83402
       4        945.80564          0.07965


FINAL CLASS COUNTS AND PROPORTIONS FOR THE LATENT CLASSES
BASED ON ESTIMATED POSTERIOR PROBABILITIES

    Latent
   Classes

       1        754.60582          0.06355
       2        270.37643          0.02277
       3       9903.21212          0.83402
       4        945.80564          0.07965


FINAL CLASS COUNTS AND PROPORTIONS FOR THE LATENT CLASSES
BASED ON THEIR MOST LIKELY LATENT CLASS MEMBERSHIP

Class Counts and Proportions

    Latent
   Classes

       1              667          0.05617
       2              265          0.02232
       3            10003          0.84243
       4              939          0.07908


CLASSIFICATION QUALITY

     Entropy                         0.928


Average Latent Class Probabilities for Most Likely Latent Class Membership (Row)
by Latent Class (Column)

           1        2        3        4

    1   0.861    0.005    0.079    0.055
    2   0.010    0.956    0.000    0.034
    3   0.013    0.000    0.978    0.010
    4   0.055    0.015    0.073    0.857


Classification Probabilities for the Most Likely Latent Class Membership (Column)
by Latent Class (Row)

           1        2        3        4

    1   0.761    0.004    0.167    0.068
    2   0.011    0.937    0.000    0.052
    3   0.005    0.000    0.988    0.007
    4   0.039    0.010    0.101    0.851


Logits for the Classification Probabilities for the Most Likely Latent Class Membership (Column)
by Latent Class (Row)

              1        2        3        4

    1      2.411   -2.934    0.892    0.000
    2     -1.528    2.891   -9.772    0.000
    3     -0.257   -8.840    4.964    0.000
    4     -3.093   -4.495   -2.135    0.000


MODEL RESULTS

                                                    Two-Tailed
                    Estimate       S.E.  Est./S.E.    P-Value

Latent Class 1

 I        BY
    Y0                 1.000      0.000    999.000    999.000
    Y1                 1.000      0.000    999.000    999.000
    Y2                 1.000      0.000    999.000    999.000
    Y3                 1.000      0.000    999.000    999.000

 S        BY
    Y0                 0.000      0.000    999.000    999.000
    Y1                 1.000      0.000    999.000    999.000
    Y2                 2.000      0.000    999.000    999.000
    Y3                 3.000      0.000    999.000    999.000

 Q        BY
    Y0                 0.000      0.000    999.000    999.000
    Y1                 1.000      0.000    999.000    999.000
    Y2                 4.000      0.000    999.000    999.000
    Y3                 9.000      0.000    999.000    999.000

 I        WITH
    S                  0.198      0.023      8.511      0.000
    Q                  0.000      0.000    999.000    999.000

 S        WITH
    Q                  0.000      0.000    999.000    999.000

 Means
    I                  2.392      0.128     18.721      0.000
    S                  1.702      0.374      4.551      0.000
    Q                  0.045      0.143      0.313      0.754

 Intercepts
    Y0                 0.000      0.000    999.000    999.000
    Y1                 0.000      0.000    999.000    999.000
    Y2                 0.000      0.000    999.000    999.000
    Y3                 0.000      0.000    999.000    999.000

 Variances
    I                 -0.063      0.067     -0.934      0.350
    S                 -0.013      0.016     -0.815      0.415
    Q                  0.000      0.000    999.000    999.000

 Residual Variances
    Y0                 1.598      0.041     38.739      0.000
    Y1                 1.598      0.041     38.739      0.000
    Y2                 1.598      0.041     38.739      0.000
    Y3                 1.598      0.041     38.739      0.000

Latent Class 2

 I        BY
    Y0                 1.000      0.000    999.000    999.000
    Y1                 1.000      0.000    999.000    999.000
    Y2                 1.000      0.000    999.000    999.000
    Y3                 1.000      0.000    999.000    999.000

 S        BY
    Y0                 0.000      0.000    999.000    999.000
    Y1                 1.000      0.000    999.000    999.000
    Y2                 2.000      0.000    999.000    999.000
    Y3                 3.000      0.000    999.000    999.000

 Q        BY
    Y0                 0.000      0.000    999.000    999.000
    Y1                 1.000      0.000    999.000    999.000
    Y2                 4.000      0.000    999.000    999.000
    Y3                 9.000      0.000    999.000    999.000

 I        WITH
    S                  0.198      0.023      8.511      0.000
    Q                  0.000      0.000    999.000    999.000

 S        WITH
    Q                  0.000      0.000    999.000    999.000

 Means
    I                  8.513      0.367     23.219      0.000
    S                  1.668      0.650      2.565      0.010
    Q                 -0.783      0.196     -3.987      0.000

 Intercepts
    Y0                 0.000      0.000    999.000    999.000
    Y1                 0.000      0.000    999.000    999.000
    Y2                 0.000      0.000    999.000    999.000
    Y3                 0.000      0.000    999.000    999.000

 Variances
    I                 -0.063      0.067     -0.934      0.350
    S                 -0.013      0.016     -0.815      0.415
    Q                  0.000      0.000    999.000    999.000

 Residual Variances
    Y0                 1.598      0.041     38.739      0.000
    Y1                 1.598      0.041     38.739      0.000
    Y2                 1.598      0.041     38.739      0.000
    Y3                 1.598      0.041     38.739      0.000

Latent Class 3

 I        BY
    Y0                 1.000      0.000    999.000    999.000
    Y1                 1.000      0.000    999.000    999.000
    Y2                 1.000      0.000    999.000    999.000
    Y3                 1.000      0.000    999.000    999.000

 S        BY
    Y0                 0.000      0.000    999.000    999.000
    Y1                 1.000      0.000    999.000    999.000
    Y2                 2.000      0.000    999.000    999.000
    Y3                 3.000      0.000    999.000    999.000

 Q        BY
    Y0                 0.000      0.000    999.000    999.000
    Y1                 1.000      0.000    999.000    999.000
    Y2                 4.000      0.000    999.000    999.000
    Y3                 9.000      0.000    999.000    999.000

 I        WITH
    S                  0.198      0.023      8.511      0.000
    Q                  0.000      0.000    999.000    999.000

 S        WITH
    Q                  0.000      0.000    999.000    999.000

 Means
    I                  0.639      0.018     34.893      0.000
    S                  0.059      0.019      3.111      0.002
    Q                  0.022      0.008      2.757      0.006

 Intercepts
    Y0                 0.000      0.000    999.000    999.000
    Y1                 0.000      0.000    999.000    999.000
    Y2                 0.000      0.000    999.000    999.000
    Y3                 0.000      0.000    999.000    999.000

 Variances
    I                 -0.063      0.067     -0.934      0.350
    S                 -0.013      0.016     -0.815      0.415
    Q                  0.000      0.000    999.000    999.000

 Residual Variances
    Y0                 1.598      0.041     38.739      0.000
    Y1                 1.598      0.041     38.739      0.000
    Y2                 1.598      0.041     38.739      0.000
    Y3                 1.598      0.041     38.739      0.000

Latent Class 4

 I        BY
    Y0                 1.000      0.000    999.000    999.000
    Y1                 1.000      0.000    999.000    999.000
    Y2                 1.000      0.000    999.000    999.000
    Y3                 1.000      0.000    999.000    999.000

 S        BY
    Y0                 0.000      0.000    999.000    999.000
    Y1                 1.000      0.000    999.000    999.000
    Y2                 2.000      0.000    999.000    999.000
    Y3                 3.000      0.000    999.000    999.000

 Q        BY
    Y0                 0.000      0.000    999.000    999.000
    Y1                 1.000      0.000    999.000    999.000
    Y2                 4.000      0.000    999.000    999.000
    Y3                 9.000      0.000    999.000    999.000

 I        WITH
    S                  0.198      0.023      8.511      0.000
    Q                  0.000      0.000    999.000    999.000

 S        WITH
    Q                  0.000      0.000    999.000    999.000

 Means
    I                  4.960      0.235     21.140      0.000
    S                 -1.360      0.271     -5.011      0.000
    Q                  0.194      0.074      2.632      0.008

 Intercepts
    Y0                 0.000      0.000    999.000    999.000
    Y1                 0.000      0.000    999.000    999.000
    Y2                 0.000      0.000    999.000    999.000
    Y3                 0.000      0.000    999.000    999.000

 Variances
    I                 -0.063      0.067     -0.934      0.350
    S                 -0.013      0.016     -0.815      0.415
    Q                  0.000      0.000    999.000    999.000

 Residual Variances
    Y0                 1.598      0.041     38.739      0.000
    Y1                 1.598      0.041     38.739      0.000
    Y2                 1.598      0.041     38.739      0.000
    Y3                 1.598      0.041     38.739      0.000

Categorical Latent Variables

 Means
    C#1               -0.226      0.167     -1.350      0.177
    C#2               -1.252      0.108    -11.597      0.000
    C#3                2.349      0.088     26.599      0.000


QUALITY OF NUMERICAL RESULTS

     Condition Number for the Information Matrix              0.120E-03
       (ratio of smallest to largest eigenvalue)


TECHNICAL 1 OUTPUT


     PARAMETER SPECIFICATION FOR LATENT CLASS 1


           NU
              Y0            Y1            Y2            Y3
              ________      ________      ________      ________
                    0             0             0             0


           LAMBDA
              I             S             Q
              ________      ________      ________
 Y0                 0             0             0
 Y1                 0             0             0
 Y2                 0             0             0
 Y3                 0             0             0


           THETA
              Y0            Y1            Y2            Y3
              ________      ________      ________      ________
 Y0                 1
 Y1                 0             1
 Y2                 0             0             1
 Y3                 0             0             0             1


           ALPHA
              I             S             Q
              ________      ________      ________
                    2             3             4


           BETA
              I             S             Q
              ________      ________      ________
 I                  0             0             0
 S                  0             0             0
 Q                  0             0             0


           PSI
              I             S             Q
              ________      ________      ________
 I                  5
 S                  6             7
 Q                  0             0             0


     PARAMETER SPECIFICATION FOR LATENT CLASS 2


           NU
              Y0            Y1            Y2            Y3
              ________      ________      ________      ________
                    0             0             0             0


           LAMBDA
              I             S             Q
              ________      ________      ________
 Y0                 0             0             0
 Y1                 0             0             0
 Y2                 0             0             0
 Y3                 0             0             0


           THETA
              Y0            Y1            Y2            Y3
              ________      ________      ________      ________
 Y0                 1
 Y1                 0             1
 Y2                 0             0             1
 Y3                 0             0             0             1


           ALPHA
              I             S             Q
              ________      ________      ________
                    8             9            10


           BETA
              I             S             Q
              ________      ________      ________
 I                  0             0             0
 S                  0             0             0
 Q                  0             0             0


           PSI
              I             S             Q
              ________      ________      ________
 I                  5
 S                  6             7
 Q                  0             0             0


     PARAMETER SPECIFICATION FOR LATENT CLASS 3


           NU
              Y0            Y1            Y2            Y3
              ________      ________      ________      ________
                    0             0             0             0


           LAMBDA
              I             S             Q
              ________      ________      ________
 Y0                 0             0             0
 Y1                 0             0             0
 Y2                 0             0             0
 Y3                 0             0             0


           THETA
              Y0            Y1            Y2            Y3
              ________      ________      ________      ________
 Y0                 1
 Y1                 0             1
 Y2                 0             0             1
 Y3                 0             0             0             1


           ALPHA
              I             S             Q
              ________      ________      ________
                   11            12            13


           BETA
              I             S             Q
              ________      ________      ________
 I                  0             0             0
 S                  0             0             0
 Q                  0             0             0


           PSI
              I             S             Q
              ________      ________      ________
 I                  5
 S                  6             7
 Q                  0             0             0


     PARAMETER SPECIFICATION FOR LATENT CLASS 4


           NU
              Y0            Y1            Y2            Y3
              ________      ________      ________      ________
                    0             0             0             0


           LAMBDA
              I             S             Q
              ________      ________      ________
 Y0                 0             0             0
 Y1                 0             0             0
 Y2                 0             0             0
 Y3                 0             0             0


           THETA
              Y0            Y1            Y2            Y3
              ________      ________      ________      ________
 Y0                 1
 Y1                 0             1
 Y2                 0             0             1
 Y3                 0             0             0             1


           ALPHA
              I             S             Q
              ________      ________      ________
                   14            15            16


           BETA
              I             S             Q
              ________      ________      ________
 I                  0             0             0
 S                  0             0             0
 Q                  0             0             0


           PSI
              I             S             Q
              ________      ________      ________
 I                  5
 S                  6             7
 Q                  0             0             0


     PARAMETER SPECIFICATION FOR LATENT CLASS REGRESSION MODEL PART


           ALPHA(C)
              C#1           C#2           C#3           C#4
              ________      ________      ________      ________
                   17            18            19             0


     STARTING VALUES FOR LATENT CLASS 1


           NU
              Y0            Y1            Y2            Y3
              ________      ________      ________      ________
                0.000         0.000         0.000         0.000


           LAMBDA
              I             S             Q
              ________      ________      ________
 Y0             1.000         0.000         0.000
 Y1             1.000         1.000         1.000
 Y2             1.000         2.000         4.000
 Y3             1.000         3.000         9.000


           THETA
              Y0            Y1            Y2            Y3
              ________      ________      ________      ________
 Y0             2.019
 Y1             0.000         2.389
 Y2             0.000         0.000         2.501
 Y3             0.000         0.000         0.000         2.994


           ALPHA
              I             S             Q
              ________      ________      ________
                0.000         0.000         0.000


           BETA
              I             S             Q
              ________      ________      ________
 I              0.000         0.000         0.000
 S              0.000         0.000         0.000
 Q              0.000         0.000         0.000


           PSI
              I             S             Q
              ________      ________      ________
 I              0.050
 S              0.000         0.050
 Q              0.000         0.000         0.000


     STARTING VALUES FOR LATENT CLASS 2


           NU
              Y0            Y1            Y2            Y3
              ________      ________      ________      ________
                0.000         0.000         0.000         0.000


           LAMBDA
              I             S             Q
              ________      ________      ________
 Y0             1.000         0.000         0.000
 Y1             1.000         1.000         1.000
 Y2             1.000         2.000         4.000
 Y3             1.000         3.000         9.000


           THETA
              Y0            Y1            Y2            Y3
              ________      ________      ________      ________
 Y0             2.019
 Y1             0.000         2.389
 Y2             0.000         0.000         2.501
 Y3             0.000         0.000         0.000         2.994


           ALPHA
              I             S             Q
              ________      ________      ________
                0.000         0.000         0.000


           BETA
              I             S             Q
              ________      ________      ________
 I              0.000         0.000         0.000
 S              0.000         0.000         0.000
 Q              0.000         0.000         0.000


           PSI
              I             S             Q
              ________      ________      ________
 I              0.050
 S              0.000         0.050
 Q              0.000         0.000         0.000


     STARTING VALUES FOR LATENT CLASS 3


           NU
              Y0            Y1            Y2            Y3
              ________      ________      ________      ________
                0.000         0.000         0.000         0.000


           LAMBDA
              I             S             Q
              ________      ________      ________
 Y0             1.000         0.000         0.000
 Y1             1.000         1.000         1.000
 Y2             1.000         2.000         4.000
 Y3             1.000         3.000         9.000


           THETA
              Y0            Y1            Y2            Y3
              ________      ________      ________      ________
 Y0             2.019
 Y1             0.000         2.389
 Y2             0.000         0.000         2.501
 Y3             0.000         0.000         0.000         2.994


           ALPHA
              I             S             Q
              ________      ________      ________
                0.000         0.000         0.000


           BETA
              I             S             Q
              ________      ________      ________
 I              0.000         0.000         0.000
 S              0.000         0.000         0.000
 Q              0.000         0.000         0.000


           PSI
              I             S             Q
              ________      ________      ________
 I              0.050
 S              0.000         0.050
 Q              0.000         0.000         0.000


     STARTING VALUES FOR LATENT CLASS 4


           NU
              Y0            Y1            Y2            Y3
              ________      ________      ________      ________
                0.000         0.000         0.000         0.000


           LAMBDA
              I             S             Q
              ________      ________      ________
 Y0             1.000         0.000         0.000
 Y1             1.000         1.000         1.000
 Y2             1.000         2.000         4.000
 Y3             1.000         3.000         9.000


           THETA
              Y0            Y1            Y2            Y3
              ________      ________      ________      ________
 Y0             2.019
 Y1             0.000         2.389
 Y2             0.000         0.000         2.501
 Y3             0.000         0.000         0.000         2.994


           ALPHA
              I             S             Q
              ________      ________      ________
                0.000         0.000         0.000


           BETA
              I             S             Q
              ________      ________      ________
 I              0.000         0.000         0.000
 S              0.000         0.000         0.000
 Q              0.000         0.000         0.000


           PSI
              I             S             Q
              ________      ________      ________
 I              0.050
 S              0.000         0.050
 Q              0.000         0.000         0.000


     STARTING VALUES FOR LATENT CLASS REGRESSION MODEL PART


           ALPHA(C)
              C#1           C#2           C#3           C#4
              ________      ________      ________      ________
                0.000         0.000         0.000         0.000


TECHNICAL 4 OUTPUT


     ESTIMATES DERIVED FROM THE MODEL FOR CLASS 1


           ESTIMATED MEANS FOR THE LATENT VARIABLES
              I             S             Q
              ________      ________      ________
                2.392         1.702         0.045


           S.E. FOR ESTIMATED MEANS FOR THE LATENT VARIABLES
              I             S             Q
              ________      ________      ________
                0.128         0.374         0.143


           EST./S.E. FOR ESTIMATED MEANS FOR THE LATENT VARIABLES
              I             S             Q
              ________      ________      ________
               18.721         4.551         0.313


           TWO-TAILED P-VALUE FOR ESTIMATED MEANS FOR THE LATENT VARIABLES
              I             S             Q
              ________      ________      ________
                0.000         0.000         0.754


           ESTIMATED COVARIANCE MATRIX FOR THE LATENT VARIABLES
              I             S             Q
              ________      ________      ________
 I             -0.063
 S              0.198        -0.013
 Q              0.000         0.000         0.000


           S.E. FOR ESTIMATED COVARIANCE MATRIX FOR THE LATENT VARIABLES
              I             S             Q
              ________      ________      ________
 I              0.067
 S              0.023         0.016
 Q              0.000         0.000         0.000


           EST./S.E. FOR ESTIMATED COVARIANCE MATRIX FOR THE LATENT VARIABLES
              I             S             Q
              ________      ________      ________
 I             -0.934
 S              8.511        -0.815
 Q              0.000         0.000         0.000


           TWO-TAILED P-VALUE FOR ESTIMATED COVARIANCE MATRIX FOR THE LATENT VARIABLES
              I             S             Q
              ________      ________      ________
 I              0.350
 S              0.000         0.415
 Q              1.000         1.000         1.000


           ESTIMATED CORRELATION MATRIX FOR THE LATENT VARIABLES
              I             S             Q
              ________      ________      ________
 I            999.000
 S            999.000       999.000
 Q            999.000       999.000       999.000


           S.E. FOR ESTIMATED CORRELATION MATRIX FOR THE LATENT VARIABLES
              I             S             Q
              ________      ________      ________
 I              0.000
 S            999.000         0.000
 Q            999.000       999.000         0.000


           EST./S.E. FOR ESTIMATED CORRELATION MATRIX FOR THE LATENT VARIABLES
              I             S             Q
              ________      ________      ________
 I            999.000
 S              1.000       999.000
 Q              1.000         1.000       999.000


           TWO-TAILED P-VALUE FOR ESTIMATED CORRELATION MATRIX FOR THE LATENT VARIABLES
              I             S             Q
              ________      ________      ________
 I              0.000
 S              0.317         0.000
 Q              0.317         0.317         0.000


     ESTIMATES DERIVED FROM THE MODEL FOR CLASS 2


           ESTIMATED MEANS FOR THE LATENT VARIABLES
              I             S             Q
              ________      ________      ________
                8.513         1.668        -0.783


           S.E. FOR ESTIMATED MEANS FOR THE LATENT VARIABLES
              I             S             Q
              ________      ________      ________
                0.367         0.650         0.196


           EST./S.E. FOR ESTIMATED MEANS FOR THE LATENT VARIABLES
              I             S             Q
              ________      ________      ________
               23.219         2.565        -3.987


           TWO-TAILED P-VALUE FOR ESTIMATED MEANS FOR THE LATENT VARIABLES
              I             S             Q
              ________      ________      ________
                0.000         0.010         0.000


           ESTIMATED COVARIANCE MATRIX FOR THE LATENT VARIABLES
              I             S             Q
              ________      ________      ________
 I             -0.063
 S              0.198        -0.013
 Q              0.000         0.000         0.000


           S.E. FOR ESTIMATED COVARIANCE MATRIX FOR THE LATENT VARIABLES
              I             S             Q
              ________      ________      ________
 I              0.067
 S              0.023         0.016
 Q              0.000         0.000         0.000


           EST./S.E. FOR ESTIMATED COVARIANCE MATRIX FOR THE LATENT VARIABLES
              I             S             Q
              ________      ________      ________
 I             -0.934
 S              8.511        -0.815
 Q              0.000         0.000         0.000


           TWO-TAILED P-VALUE FOR ESTIMATED COVARIANCE MATRIX FOR THE LATENT VARIABLES
              I             S             Q
              ________      ________      ________
 I              0.350
 S              0.000         0.415
 Q              1.000         1.000         1.000


           ESTIMATED CORRELATION MATRIX FOR THE LATENT VARIABLES
              I             S             Q
              ________      ________      ________
 I            999.000
 S            999.000       999.000
 Q            999.000       999.000       999.000


           S.E. FOR ESTIMATED CORRELATION MATRIX FOR THE LATENT VARIABLES
              I             S             Q
              ________      ________      ________
 I              0.000
 S            999.000         0.000
 Q            999.000       999.000         0.000


           EST./S.E. FOR ESTIMATED CORRELATION MATRIX FOR THE LATENT VARIABLES
              I             S             Q
              ________      ________      ________
 I            999.000
 S              1.000       999.000
 Q              1.000         1.000       999.000


           TWO-TAILED P-VALUE FOR ESTIMATED CORRELATION MATRIX FOR THE LATENT VARIABLES
              I             S             Q
              ________      ________      ________
 I              0.000
 S              0.317         0.000
 Q              0.317         0.317         0.000


     ESTIMATES DERIVED FROM THE MODEL FOR CLASS 3


           ESTIMATED MEANS FOR THE LATENT VARIABLES
              I             S             Q
              ________      ________      ________
                0.639         0.059         0.022


           S.E. FOR ESTIMATED MEANS FOR THE LATENT VARIABLES
              I             S             Q
              ________      ________      ________
                0.018         0.019         0.008


           EST./S.E. FOR ESTIMATED MEANS FOR THE LATENT VARIABLES
              I             S             Q
              ________      ________      ________
               34.893         3.111         2.757


           TWO-TAILED P-VALUE FOR ESTIMATED MEANS FOR THE LATENT VARIABLES
              I             S             Q
              ________      ________      ________
                0.000         0.002         0.006


           ESTIMATED COVARIANCE MATRIX FOR THE LATENT VARIABLES
              I             S             Q
              ________      ________      ________
 I             -0.063
 S              0.198        -0.013
 Q              0.000         0.000         0.000


           S.E. FOR ESTIMATED COVARIANCE MATRIX FOR THE LATENT VARIABLES
              I             S             Q
              ________      ________      ________
 I              0.067
 S              0.023         0.016
 Q              0.000         0.000         0.000


           EST./S.E. FOR ESTIMATED COVARIANCE MATRIX FOR THE LATENT VARIABLES
              I             S             Q
              ________      ________      ________
 I             -0.934
 S              8.511        -0.815
 Q              0.000         0.000         0.000


           TWO-TAILED P-VALUE FOR ESTIMATED COVARIANCE MATRIX FOR THE LATENT VARIABLES
              I             S             Q
              ________      ________      ________
 I              0.350
 S              0.000         0.415
 Q              1.000         1.000         1.000


           ESTIMATED CORRELATION MATRIX FOR THE LATENT VARIABLES
              I             S             Q
              ________      ________      ________
 I            999.000
 S            999.000       999.000
 Q            999.000       999.000       999.000


           S.E. FOR ESTIMATED CORRELATION MATRIX FOR THE LATENT VARIABLES
              I             S             Q
              ________      ________      ________
 I              0.000
 S            999.000         0.000
 Q            999.000       999.000         0.000


           EST./S.E. FOR ESTIMATED CORRELATION MATRIX FOR THE LATENT VARIABLES
              I             S             Q
              ________      ________      ________
 I            999.000
 S              1.000       999.000
 Q              1.000         1.000       999.000


           TWO-TAILED P-VALUE FOR ESTIMATED CORRELATION MATRIX FOR THE LATENT VARIABLES
              I             S             Q
              ________      ________      ________
 I              0.000
 S              0.317         0.000
 Q              0.317         0.317         0.000


     ESTIMATES DERIVED FROM THE MODEL FOR CLASS 4


           ESTIMATED MEANS FOR THE LATENT VARIABLES
              I             S             Q
              ________      ________      ________
                4.960        -1.360         0.194


           S.E. FOR ESTIMATED MEANS FOR THE LATENT VARIABLES
              I             S             Q
              ________      ________      ________
                0.235         0.271         0.074


           EST./S.E. FOR ESTIMATED MEANS FOR THE LATENT VARIABLES
              I             S             Q
              ________      ________      ________
               21.140        -5.011         2.632


           TWO-TAILED P-VALUE FOR ESTIMATED MEANS FOR THE LATENT VARIABLES
              I             S             Q
              ________      ________      ________
                0.000         0.000         0.008


           ESTIMATED COVARIANCE MATRIX FOR THE LATENT VARIABLES
              I             S             Q
              ________      ________      ________
 I             -0.063
 S              0.198        -0.013
 Q              0.000         0.000         0.000


           S.E. FOR ESTIMATED COVARIANCE MATRIX FOR THE LATENT VARIABLES
              I             S             Q
              ________      ________      ________
 I              0.067
 S              0.023         0.016
 Q              0.000         0.000         0.000


           EST./S.E. FOR ESTIMATED COVARIANCE MATRIX FOR THE LATENT VARIABLES
              I             S             Q
              ________      ________      ________
 I             -0.934
 S              8.511        -0.815
 Q              0.000         0.000         0.000


           TWO-TAILED P-VALUE FOR ESTIMATED COVARIANCE MATRIX FOR THE LATENT VARIABLES
              I             S             Q
              ________      ________      ________
 I              0.350
 S              0.000         0.415
 Q              1.000         1.000         1.000


           ESTIMATED CORRELATION MATRIX FOR THE LATENT VARIABLES
              I             S             Q
              ________      ________      ________
 I            999.000
 S            999.000       999.000
 Q            999.000       999.000       999.000


           S.E. FOR ESTIMATED CORRELATION MATRIX FOR THE LATENT VARIABLES
              I             S             Q
              ________      ________      ________
 I              0.000
 S            999.000         0.000
 Q            999.000       999.000         0.000


           EST./S.E. FOR ESTIMATED CORRELATION MATRIX FOR THE LATENT VARIABLES
              I             S             Q
              ________      ________      ________
 I            999.000
 S              1.000       999.000
 Q              1.000         1.000       999.000


           TWO-TAILED P-VALUE FOR ESTIMATED CORRELATION MATRIX FOR THE LATENT VARIABLES
              I             S             Q
              ________      ________      ________
 I              0.000
 S              0.317         0.000
 Q              0.317         0.317         0.000


TECHNICAL 11 OUTPUT

     Random Starts Specifications for the k-1 Class Analysis Model
        Number of initial stage random starts                3500
        Number of final stage optimizations                   350



     VUONG-LO-MENDELL-RUBIN LIKELIHOOD RATIO TEST FOR 3 (H0) VERSUS 4 CLASSES

          H0 Loglikelihood Value                       -71296.643
          2 Times the Loglikelihood Difference           1877.274
          Difference in the Number of Parameters                4
          Mean                                            274.414
          Standard Deviation                              435.250
          P-Value                                          0.0068

     LO-MENDELL-RUBIN ADJUSTED LRT TEST

          Value                                          1828.549
          P-Value                                          0.0076


SAMPLE STATISTICS FOR ESTIMATED FACTOR SCORES


     SAMPLE STATISTICS


           Means
              I             S             Q             C_I           C_S
              ________      ________      ________      ________      ________
                1.274         0.087         0.019         1.257         0.080


           Means
              C_Q
              ________
                0.019


           Covariances
              I             S             Q             C_I           C_S
              ________      ________      ________      ________      ________
 I              2.490
 S              0.108         0.304
 Q             -0.084        -0.038         0.015
 C_I            2.560         0.073        -0.083         2.742
 C_S            0.063         0.333        -0.040        -0.023         0.408
 C_Q           -0.081        -0.040         0.016        -0.079        -0.046


           Covariances
              C_Q
              ________
 C_Q            0.017


           Correlations
              I             S             Q             C_I           C_S
              ________      ________      ________      ________      ________
 I              1.000
 S              0.124         1.000
 Q             -0.435        -0.557         1.000
 C_I            0.980         0.079        -0.410         1.000
 C_S            0.063         0.944        -0.513        -0.022         1.000
 C_Q           -0.397        -0.561         0.979        -0.366        -0.554


           Correlations
              C_Q
              ________
 C_Q            1.000


PLOT INFORMATION

The following plots are available:

  Histograms (sample values, estimated factor scores, estimated values, residuals)
  Scatterplots (sample values, estimated factor scores, estimated values, residuals)
  Sample means
  Estimated means, medians, modes, and percentiles
  Sample and estimated means
  Latent variable distribution plots
  Observed individual values
  Estimated individual values
  Estimated means and observed individual values
  Estimated means and estimated individual values
  Estimated overall and class-specific distributions

SAVEDATA INFORMATION


  Save file
    4_class_probs.txt

  Order and format of variables

    Y0             F10.3
    Y1             F10.3
    Y2             F10.3
    Y3             F10.3
    ID             F10.3
    I              F10.3
    S              F10.3
    Q              F10.3
    C_I            F10.3
    C_S            F10.3
    C_Q            F10.3
    CPROB1         F10.3
    CPROB2         F10.3
    CPROB3         F10.3
    CPROB4         F10.3
    C              F10.3

  Save file format
    16F10.3

  Save file record length    10000

  Save missing symbol        *


     Beginning Time:  14:39:54
        Ending Time:  14:45:36
       Elapsed Time:  00:05:42



MUTHEN & MUTHEN
3463 Stoner Ave.
Los Angeles, CA  90066

Tel: (310) 391-9971
Fax: (310) 391-8971
Web: www.StatModel.com
Support: Support@StatModel.com

Copyright (c) 1998-2022 Muthen & Muthen
